<?xml version="1.0" encoding="UTF-8"?>
<testsuite name="OOTBTesting.OOTBRegression" tests="8" failures="1" errors="0" time="2.29"><properties><property name="soapui.properties" value="soapui.properties"/><property name="java.runtime.name" value="Java(TM) SE Runtime Environment"/><property name="sun.boot.library.path" value="/home/appadmin/SmartBear/SoapUI-5.5.0/jre/lib/amd64"/><property name="java.vm.version" value="25.181-b13"/><property name="soapui.ext.actions" value="/home/appadmin/SmartBear/SoapUI-5.5.0/bin/actions"/><property name="soapui.ext.libraries" value="/home/appadmin/SmartBear/SoapUI-5.5.0/bin/ext"/><property name="java.vm.vendor" value="Oracle Corporation"/><property name="java.vendor.url" value="http://java.oracle.com/"/><property name="path.separator" value=":"/><property name="java.vm.name" value="Java HotSpot(TM) 64-Bit Server VM"/><property name="file.encoding.pkg" value="sun.io"/><property name="user.country" value="IN"/><property name="sun.java.launcher" value="SUN_STANDARD"/><property name="sun.os.patch.level" value="unknown"/><property name="java.vm.specification.name" value="Java Virtual Machine Specification"/><property name="user.dir" value="/home/appadmin/workspace/SoapUITestExecution"/><property name="java.runtime.version" value="1.8.0_181-b13"/><property name="java.awt.graphicsenv" value="sun.awt.X11GraphicsEnvironment"/><property name="java.endorsed.dirs" value="/home/appadmin/SmartBear/SoapUI-5.5.0/jre/lib/endorsed"/><property name="os.arch" value="amd64"/><property name="java.io.tmpdir" value="/tmp"/><property name="line.separator" value="
"/><property name="java.vm.specification.vendor" value="Oracle Corporation"/><property name="os.name" value="Linux"/><property name="sun.jnu.encoding" value="UTF-8"/><property name="java.library.path" value="/usr/java/packages/lib/amd64:/usr/lib64:/lib64:/lib:/usr/lib"/><property name="soapui.home" value="/home/appadmin/SmartBear/SoapUI-5.5.0/bin"/><property name="java.specification.name" value="Java Platform API Specification"/><property name="java.class.version" value="52.0"/><property name="sun.management.compiler" value="HotSpot 64-Bit Tiered Compilers"/><property name="os.version" value="5.19.8-200.fc36.x86_64"/><property name="user.home" value="/home/appadmin"/><property name="user.timezone" value="Asia/Kolkata"/><property name="java.awt.printerjob" value="sun.print.PSPrinterJob"/><property name="file.encoding" value="UTF-8"/><property name="java.specification.version" value="1.8"/><property name="java.class.path" value="/home/appadmin/SmartBear/SoapUI-5.5.0/jre/lib/jfxrt.jar:/home/appadmin/SmartBear/SoapUI-5.5.0/bin/soapui-5.5.0.jar:/home/appadmin/SmartBear/SoapUI-5.5.0/lib/jms-1.1.jar:/home/appadmin/SmartBear/SoapUI-5.5.0/lib/activation-1.1.jar:/home/appadmin/SmartBear/SoapUI-5.5.0/lib/js-1.7R2.jar:/home/appadmin/SmartBear/SoapUI-5.5.0/lib/analytics-core-5.5.0.jar:/home/appadmin/SmartBear/SoapUI-5.5.0/lib/joda-time-1.6.2.jar:/home/appadmin/SmartBear/SoapUI-5.5.0/lib/animal-sniffer-annotations-1.11.jar:/home/appadmin/SmartBear/SoapUI-5.5.0/lib/json-20090211.jar:/home/appadmin/SmartBear/SoapUI-5.5.0/lib/bcprov-jdk15-144.jar:/home/appadmin/SmartBear/SoapUI-5.5.0/lib/json-lib-2.2.2-jdk15.jar:/home/appadmin/SmartBear/SoapUI-5.5.0/lib/binding-2.0.1.jar:/home/appadmin/SmartBear/SoapUI-5.5.0/lib/json-path-0.9.1.jar:/home/appadmin/SmartBear/SoapUI-5.5.0/lib/commons-beanutils-1.7.0.jar:/home/appadmin/SmartBear/SoapUI-5.5.0/lib/looks-2.2.0.jar:/home/appadmin/SmartBear/SoapUI-5.5.0/lib/commons-cli-1.2.jar:/home/appadmin/SmartBear/SoapUI-5.5.0/lib/log4j-1.2.14.jar:/home/appadmin/SmartBear/SoapUI-5.5.0/lib/commons-codec-1.3.jar:/home/appadmin/SmartBear/SoapUI-5.5.0/lib/mail-1.4.jar:/home/appadmin/SmartBear/SoapUI-5.5.0/lib/commons-collections-3.2.2.jar:/home/appadmin/SmartBear/SoapUI-5.5.0/lib/maven-plugin-api-2.0.jar:/home/appadmin/SmartBear/SoapUI-5.5.0/lib/commons-httpclient-3.1.jar:/home/appadmin/SmartBear/SoapUI-5.5.0/lib/mixpanel-java-1.4.4.jar:/home/appadmin/SmartBear/SoapUI-5.5.0/lib/commons-io-2.4.jar:/home/appadmin/SmartBear/SoapUI-5.5.0/lib/nekohtml-1.9.14.jar:/home/appadmin/SmartBear/SoapUI-5.5.0/lib/commons-lang-2.4.jar:/home/appadmin/SmartBear/SoapUI-5.5.0/lib/openws-1.4.2-1.jar:/home/appadmin/SmartBear/SoapUI-5.5.0/lib/commons-logging-1.1.1.jar:/home/appadmin/SmartBear/SoapUI-5.5.0/lib/opensaml-2.5.1-1.jar:/home/appadmin/SmartBear/SoapUI-5.5.0/lib/cssparser-0.9.5.jar:/home/appadmin/SmartBear/SoapUI-5.5.0/lib/proxy-vole-20131209.jar:/home/appadmin/SmartBear/SoapUI-5.5.0/lib/dom4j-1.6.1.jar:/home/appadmin/SmartBear/SoapUI-5.5.0/lib/reflections-0.9.9-RC1.jar:/home/appadmin/SmartBear/SoapUI-5.5.0/lib/ezmorph-1.0.5.jar:/home/appadmin/SmartBear/SoapUI-5.5.0/lib/rsyntaxtextarea-2.5.0.jar:/home/appadmin/SmartBear/SoapUI-5.5.0/lib/flex-messaging-common-1.0.jar:/home/appadmin/SmartBear/SoapUI-5.5.0/lib/sac-1.3.jar:/home/appadmin/SmartBear/SoapUI-5.5.0/lib/flex-messaging-core-1.0.jar:/home/appadmin/SmartBear/SoapUI-5.5.0/lib/saxon-9.1.0.8j.jar:/home/appadmin/SmartBear/SoapUI-5.5.0/lib/flex-messaging-opt-1.0.jar:/home/appadmin/SmartBear/SoapUI-5.5.0/lib/saxon-dom-9.1.0.8j.jar:/home/appadmin/SmartBear/SoapUI-5.5.0/lib/flex-messaging-proxy-1.0.jar:/home/appadmin/SmartBear/SoapUI-5.5.0/lib/serializer-2.7.1.jar:/home/appadmin/SmartBear/SoapUI-5.5.0/lib/flex-messaging-remoting-1.0.jar:/home/appadmin/SmartBear/SoapUI-5.5.0/lib/servlet-api-2.5-20081211.jar:/home/appadmin/SmartBear/SoapUI-5.5.0/lib/forms-1.0.7.jar:/home/appadmin/SmartBear/SoapUI-5.5.0/lib/slf4j-api-1.6.1.jar:/home/appadmin/SmartBear/SoapUI-5.5.0/lib/google-http-client-1.21.0.jar:/home/appadmin/SmartBear/SoapUI-5.5.0/lib/slf4j-log4j12-1.6.4.jar:/home/appadmin/SmartBear/SoapUI-5.5.0/lib/google-oauth-client-1.21.0.jar:/home/appadmin/SmartBear/SoapUI-5.5.0/lib/swingx-soapui.jar:/home/appadmin/SmartBear/SoapUI-5.5.0/lib/groovy-all-2.4.4.jar:/home/appadmin/SmartBear/SoapUI-5.5.0/lib/ws-commons-util-1.0.2.jar:/home/appadmin/SmartBear/SoapUI-5.5.0/lib/guava-14.0.jar:/home/appadmin/SmartBear/SoapUI-5.5.0/lib/wsdl4j-1.6.2-fixed.jar:/home/appadmin/SmartBear/SoapUI-5.5.0/lib/hamcrest-core-1.3.jar:/home/appadmin/SmartBear/SoapUI-5.5.0/lib/wss4j-1.6.16.jar:/home/appadmin/SmartBear/SoapUI-5.5.0/lib/hermes-1.14.jar:/home/appadmin/SmartBear/SoapUI-5.5.0/lib/xalan-2.7.1.jar:/home/appadmin/SmartBear/SoapUI-5.5.0/lib/htmlunit-2.7.jar:/home/appadmin/SmartBear/SoapUI-5.5.0/lib/xbean-fixed-2.4.0.jar:/home/appadmin/SmartBear/SoapUI-5.5.0/lib/htmlunit-core-js-2.7.jar:/home/appadmin/SmartBear/SoapUI-5.5.0/lib/xbean_xpath-2.4.0.jar:/home/appadmin/SmartBear/SoapUI-5.5.0/lib/httpclient-4.1.1.jar:/home/appadmin/SmartBear/SoapUI-5.5.0/lib/xercesImpl-2.9.1.jar:/home/appadmin/SmartBear/SoapUI-5.5.0/lib/httpclient-cache-4.1.1.jar:/home/appadmin/SmartBear/SoapUI-5.5.0/lib/xml-apis-1.3.04.jar:/home/appadmin/SmartBear/SoapUI-5.5.0/lib/httpcore-4.1.1.jar:/home/appadmin/SmartBear/SoapUI-5.5.0/lib/xml-apis-2.9.1.jar:/home/appadmin/SmartBear/SoapUI-5.5.0/lib/httpcore-nio-4.1.1.jar:/home/appadmin/SmartBear/SoapUI-5.5.0/lib/xmlParserAPIs-2.6.2.jar:/home/appadmin/SmartBear/SoapUI-5.5.0/lib/httpmime-4.1.1.jar:/home/appadmin/SmartBear/SoapUI-5.5.0/lib/xmlpublic-2.4.0.jar:/home/appadmin/SmartBear/SoapUI-5.5.0/lib/i4jruntime-5.1.14.jar:/home/appadmin/SmartBear/SoapUI-5.5.0/lib/xmlsec-1.4.5.jar:/home/appadmin/SmartBear/SoapUI-5.5.0/lib/jackson-annotations-2.3.0.jar:/home/appadmin/SmartBear/SoapUI-5.5.0/lib/xmltooling-1.3.2-1.jar:/home/appadmin/SmartBear/SoapUI-5.5.0/lib/jackson-core-2.3.0.jar:/home/appadmin/SmartBear/SoapUI-5.5.0/lib/xmlunit-1.2.jar:/home/appadmin/SmartBear/SoapUI-5.5.0/lib/jackson-databind-2.3.0.jar:/home/appadmin/SmartBear/SoapUI-5.5.0/lib/xom-1.1.jar:/home/appadmin/SmartBear/SoapUI-5.5.0/lib/javassist-3.16.1-GA.jar:/home/appadmin/SmartBear/SoapUI-5.5.0/lib/xstream-1.3.1.jar:/home/appadmin/SmartBear/SoapUI-5.5.0/lib/jaxen-1.1-beta-8.jar:/home/appadmin/SmartBear/SoapUI-5.5.0/lib/jcifs-1.2.9.jar:/home/appadmin/SmartBear/SoapUI-5.5.0/lib/jdom-1.0.jar:/home/appadmin/SmartBear/SoapUI-5.5.0/lib/jettison-1.2.jar:/home/appadmin/SmartBear/SoapUI-5.5.0/lib/jetty-6.1.26.jar:/home/appadmin/SmartBear/SoapUI-5.5.0/lib/jetty-util-6.1.26.jar:/home/appadmin/SmartBear/SoapUI-5.5.0/lib/json-smart-1.2.jar:/home/appadmin/SmartBear/SoapUI-5.5.0/lib/jsr173_api-1.0.jar:/home/appadmin/SmartBear/SoapUI-5.5.0/lib/jsr305-1.3.9.jar:/home/appadmin/SmartBear/SoapUI-5.5.0/lib/jtidy-r872-jdk15.jar:/home/appadmin/SmartBear/SoapUI-5.5.0/lib/junit-4.11.jar:/home/appadmin/SmartBear/SoapUI-5.5.0/lib/keen-client-api-java-2.0.2.jar:/home/appadmin/SmartBear/SoapUI-5.5.0/lib/l2fprod-common-directorychooser-7.3.jar:/home/appadmin/SmartBear/SoapUI-5.5.0/lib/l2fprod-common-fontchooser-7.3.jar:/home/appadmin/SmartBear/SoapUI-5.5.0/lib/not-yet-commons-ssl-0.3.11.jar:/home/appadmin/SmartBear/SoapUI-5.5.0/lib/org.apache.oltu.oauth2.client-0.31.jar:/home/appadmin/SmartBear/SoapUI-5.5.0/lib/org.apache.oltu.oauth2.common-0.31.jar:/home/appadmin/SmartBear/SoapUI-5.5.0/lib/org.apache.oltu.oauth2.httpclient4-0.31.jar:/home/appadmin/SmartBear/SoapUI-5.5.0/lib/out-app-analytics-provider-5.5.0.jar"/><property name="user.name" value="appadmin"/><property name="soapui.ext.listeners" value="/home/appadmin/SmartBear/SoapUI-5.5.0/bin/listeners"/><property name="java.vm.specification.version" value="1.8"/><property name="sun.java.command" value="com.eviware.soapui.tools.SoapUITestCaseRunner -r -M /home/appadmin/SmartBear/SoapUI-5.5.0/bin/OOTBTesting-soapui-project.xml -j -a -f/home/appadmin/SmartBear/SoapUI-5.5.0/Reports"/><property name="java.home" value="/home/appadmin/SmartBear/SoapUI-5.5.0/jre"/><property name="sun.arch.data.model" value="64"/><property name="groovy.source.encoding" value="iso-8859-1"/><property name="user.language" value="en"/><property name="java.specification.vendor" value="Oracle Corporation"/><property name="awt.toolkit" value="sun.awt.X11.XToolkit"/><property name="java.vm.info" value="mixed mode"/><property name="java.version" value="1.8.0_181"/><property name="java.ext.dirs" value="/home/appadmin/SmartBear/SoapUI-5.5.0/jre/lib/ext:/usr/java/packages/lib/ext"/><property name="sun.boot.class.path" value="/home/appadmin/SmartBear/SoapUI-5.5.0/jre/lib/resources.jar:/home/appadmin/SmartBear/SoapUI-5.5.0/jre/lib/rt.jar:/home/appadmin/SmartBear/SoapUI-5.5.0/jre/lib/sunrsasign.jar:/home/appadmin/SmartBear/SoapUI-5.5.0/jre/lib/jsse.jar:/home/appadmin/SmartBear/SoapUI-5.5.0/jre/lib/jce.jar:/home/appadmin/SmartBear/SoapUI-5.5.0/jre/lib/charsets.jar:/home/appadmin/SmartBear/SoapUI-5.5.0/jre/lib/jfr.jar:/home/appadmin/SmartBear/SoapUI-5.5.0/jre/classes"/><property name="java.vendor" value="Oracle Corporation"/><property name="file.separator" value="/"/><property name="java.vendor.url.bug" value="http://bugreport.sun.com/bugreport/"/><property name="sun.font.fontmanager" value="sun.awt.X11FontManager"/><property name="sun.io.unicode.encoding" value="UnicodeLittle"/><property name="sun.cpu.endian" value="little"/><property name="sun.cpu.isalist" value=""/></properties><testcase name="OOTB_Reg_TC_01" time="0.901"/><testcase name="OOTB_Reg_TC_02" time="0.265"/><testcase name="OOTB_Reg_TC_03" time="0.128"/><testcase name="OOTB_Reg_TC_04" time="0.109"/><testcase name="OOTB_Reg_TC_05" time="0.058"/><testcase name="OOTB_Reg_TC_06" time="0.057"/><testcase name="OOTB_Reg_TC_07" time="0.029"><failure type="Cancelling due to failed test step" message="Cancelling due to failed test step"><![CDATA[<h3><b>GetParty Failed</b></h3><pre>[XPath Match] XPathContains comparison failed for path [declare namespace ns1='http://www.ibm.com/mdm/schema';
//ns1:ResultCode], expecting [SUCCESS], actual was [FATAL]
</pre><hr/>]]></failure></testcase><testcase name="OOTB_Reg_TC_08" time="0.743"/></testsuite>